{
  "RSpec": {
    "coverage": {
      "/Users/michaelkarnes/turing/mod1/mod2_projects/BookClub/spec/features/book_index_spec.rb": [
        1,
        null,
        1,
        1,
        0,
        0,
        0,
        0,
        0,
        null,
        null,
        1,
        0,
        null,
        0,
        0,
        0,
        0,
        0,
        0,
        null,
        null,
        0,
        0,
        0,
        0,
        0,
        null,
        0,
        null,
        null,
        null
      ],
      "/Users/michaelkarnes/turing/mod1/mod2_projects/BookClub/spec/features/book_show_spec.rb": [
        1,
        null,
        1,
        1,
        0,
        0,
        0,
        0,
        0,
        null,
        null,
        1,
        0,
        null,
        0,
        0,
        0,
        0,
        0,
        null,
        0,
        null,
        null,
        null,
        1,
        0,
        null,
        0,
        0,
        0,
        0,
        0,
        0,
        null,
        null,
        0,
        0,
        0,
        0,
        0,
        null,
        null,
        null,
        null
      ],
      "/Users/michaelkarnes/turing/mod1/mod2_projects/BookClub/spec/features/book_welcome_spec.rb": [
        1,
        null,
        1,
        1,
        0,
        null,
        0,
        0,
        null,
        null
      ],
      "/Users/michaelkarnes/turing/mod1/mod2_projects/BookClub/spec/features/new_book_spec.rb": [
        1,
        null,
        1,
        1,
        0,
        0,
        0,
        0,
        0,
        0,
        0,
        null,
        0,
        null,
        0,
        0,
        null,
        0,
        0,
        0,
        0,
        null,
        null,
        1,
        0,
        null,
        0,
        0,
        0,
        0,
        0,
        null,
        0,
        null,
        0,
        0,
        0,
        0,
        0,
        0,
        null,
        0,
        null,
        0,
        0,
        0,
        null,
        0,
        0,
        0,
        0,
        0,
        0,
        null,
        null,
        0,
        0,
        null,
        null,
        null,
        1,
        0,
        null,
        0,
        0,
        0,
        0,
        0,
        null,
        0,
        0,
        0,
        null,
        0,
        0,
        null,
        null,
        null,
        1,
        0,
        null,
        0,
        0,
        0,
        0,
        0,
        null,
        0,
        null,
        0,
        0,
        null,
        null,
        null
      ],
      "/Users/michaelkarnes/turing/mod1/mod2_projects/BookClub/spec/features/new_review_spec.rb": [
        1,
        null,
        1,
        1,
        0,
        0,
        null,
        0,
        0,
        0,
        0,
        0,
        null,
        0,
        null,
        0,
        0,
        0,
        0,
        0,
        0,
        null,
        null,
        null,
        null
      ],
      "/Users/michaelkarnes/turing/mod1/mod2_projects/BookClub/spec/models/author_spec.rb": [
        1,
        null,
        1,
        1,
        1,
        1,
        1,
        null,
        null,
        1,
        null,
        null,
        null
      ],
      "/Users/michaelkarnes/turing/mod1/mod2_projects/BookClub/app/models/author.rb": [
        1,
        1,
        1,
        1,
        1,
        null,
        1,
        3,
        null,
        null,
        1,
        4,
        null,
        null
      ],
      "/Users/michaelkarnes/turing/mod1/mod2_projects/BookClub/app/models/application_record.rb": [
        1,
        1,
        null
      ],
      "/Users/michaelkarnes/turing/mod1/mod2_projects/BookClub/spec/models/book_author_spec.rb": [
        1,
        null,
        1,
        1,
        1,
        1,
        null,
        null
      ],
      "/Users/michaelkarnes/turing/mod1/mod2_projects/BookClub/app/models/book_author.rb": [
        1,
        1,
        1,
        null
      ],
      "/Users/michaelkarnes/turing/mod1/mod2_projects/BookClub/spec/models/book_spec.rb": [
        1,
        null,
        1,
        1,
        1,
        1,
        1,
        1,
        1,
        1,
        1,
        null,
        null,
        1,
        1,
        1,
        0,
        0,
        0,
        null,
        0,
        0,
        null,
        0,
        null,
        null,
        1,
        1,
        0,
        0,
        null,
        0,
        null,
        0,
        null,
        0,
        null,
        null,
        1,
        1,
        0,
        0,
        0,
        0,
        null,
        0,
        null,
        0,
        null,
        null,
        null,
        null
      ],
      "/Users/michaelkarnes/turing/mod1/mod2_projects/BookClub/app/models/book.rb": [
        1,
        1,
        1,
        1,
        1,
        1,
        1,
        1,
        1,
        1,
        null,
        1,
        0,
        null,
        null,
        1,
        4,
        2,
        null,
        null,
        1,
        2,
        null,
        null,
        1,
        12,
        0,
        null,
        null,
        null,
        1,
        4,
        null,
        null
      ],
      "/Users/michaelkarnes/turing/mod1/mod2_projects/BookClub/spec/models/review_spec.rb": [
        1,
        null,
        1,
        1,
        1,
        1,
        1,
        1,
        1,
        null,
        null
      ],
      "/Users/michaelkarnes/turing/mod1/mod2_projects/BookClub/app/models/review.rb": [
        1,
        1,
        1,
        1,
        1,
        1,
        null
      ],
      "/Users/michaelkarnes/turing/mod1/mod2_projects/BookClub/app/controllers/authors_controller.rb": [
        1,
        null,
        1,
        2,
        null,
        null,
        1,
        1,
        1,
        1,
        1,
        null,
        null
      ],
      "/Users/michaelkarnes/turing/mod1/mod2_projects/BookClub/app/controllers/application_controller.rb": [
        1,
        1,
        null
      ],
      "/Users/michaelkarnes/turing/mod1/mod2_projects/BookClub/app/controllers/books_controller.rb": [
        1,
        1,
        1,
        null,
        null,
        1,
        0,
        null,
        null,
        1,
        0,
        null,
        null,
        1,
        0,
        0,
        0,
        0,
        null,
        0,
        null,
        null,
        null,
        1,
        null,
        1,
        0,
        null,
        null,
        1,
        0,
        null,
        null
      ]
    },
    "timestamp": 1557438305
  }
}
