{
  "RSpec": {
    "coverage": {
      "/Users/glynnisoconnell/Mod2/BookClub/app/models/book.rb": [
        1,
        1,
        1,
        1,
        1,
        1,
        1,
        1,
        null,
        1,
        0,
        null,
        null
      ],
      "/Users/glynnisoconnell/Mod2/BookClub/app/models/application_record.rb": [
        1,
        1,
        null
      ],
      "/Users/glynnisoconnell/Mod2/BookClub/app/models/book_author.rb": [
        1,
        1,
        1,
        null
      ],
      "/Users/glynnisoconnell/Mod2/BookClub/app/models/author.rb": [
        1,
        1,
        1,
        1,
        null,
        1,
        null,
        null
      ],
      "/Users/glynnisoconnell/Mod2/BookClub/app/controllers/authors_controller.rb": [
        1,
        null,
        1,
        1,
        null,
        null
      ],
      "/Users/glynnisoconnell/Mod2/BookClub/app/controllers/application_controller.rb": [
        1,
        1,
        null
      ]
    },
    "timestamp": 1557272961
  }
}
